<?xml version="1.0" encoding="UTF-8"?>
<testsuite xmlns:xsi="http://www.w3.org/2001/XMLSchema-instance" xsi:noNamespaceSchemaLocation="https://maven.apache.org/surefire/maven-surefire-plugin/xsd/surefire-test-report.xsd" version="3.0.2" name="entornos.CalculadoraRiesgoTest" time="0.039" tests="4" errors="0" skipped="0" failures="0">
  <properties>
[...]
</properties>
  <testcase name="testLimiteDieciocho" classname="entornos.CalculadoraRiesgoTest" time="0.016"/>
  <testcase name="testEdadNegativa" classname="entornos.CalculadoraRiesgoTest" time="0.002"/>
  <testcase name="testAdulto" classname="entornos.CalculadoraRiesgoTest" time="0.0"/>
  <testcase name="testSenior" classname="entornos.CalculadoraRiesgoTest" time="0.001"/>
</testsuite>